{
  "stats": {
    "suites": 2,
    "tests": 16,
    "passes": 8,
    "pending": 0,
    "failures": 8,
    "testsRegistered": 16,
    "passPercent": 50,
    "pendingPercent": 0,
    "other": 0,
    "hasOther": false,
    "skipped": 0,
    "hasSkipped": false,
    "start": "2025-05-31T16:17:51.222Z",
    "end": "2025-05-31T16:39:08.318Z",
    "duration": 1277096
  },
  "results": [
    {
      "uuid": "6e2ea302-ca3c-4609-a539-12c76b231dc3",
      "title": "",
      "fullFile": "cypress\\e2e\\spec.cy.js",
      "file": "cypress\\e2e\\spec.cy.js",
      "beforeHooks": [],
      "afterHooks": [],
      "tests": [],
      "suites": [
        {
          "uuid": "4c4e7ed6-7ffa-4350-ba3f-1036b75340ca",
          "title": "template spec",
          "fullFile": "",
          "file": "",
          "beforeHooks": [],
          "afterHooks": [],
          "tests": [
            {
              "title": "home",
              "fullTitle": "template spec home",
              "timedOut": null,
              "duration": 9620,
              "state": "failed",
              "speed": null,
              "pass": false,
              "fail": true,
              "pending": false,
              "context": null,
              "code": "/* ==== Generated with Cypress Studio ==== */\ncy.visit('http://localhost:3000/');\ncy.get('.nav-links > [href=\"/\"]').click();\ncy.get('[href=\"/education\"]').click();\ncy.get('[href=\"/about\"]').click();\ncy.get('.nav-links > [href=\"/contact\"]').click();\ncy.get('.nav-links > [href=\"/\"]').click();\ncy.get('[href=\"/policy\"]').click();\ncy.get('[href=\"/terms\"]').click();\ncy.get('.footer-links > [href=\"/contact\"]').click();\ncy.get('.brand-name').click();\ncy.get('.search-input').clear('p');\ncy.get('.search-input').type('per');\ncy.get('.search-button').click();\ncy.get('#cityFilter').select('Irbid');\ncy.get('.search-input').click();\ncy.get('.filter-button').click();\ncy.get('#spaceFilter').click();\n/* ==== End Cypress Studio ==== */\n/* ==== Generated with Cypress Studio ==== */\ncy.get('.offer-subtitle').click();\n/* ==== End Cypress Studio ==== */",
              "err": {
                "message": "CypressError: `cy.click()` can only be called on a single element. Your subject contained 2 elements. Pass `{ multiple: true }` if you want to serially click each element.\n\nhttps://on.cypress.io/click",
                "estack": "CypressError: `cy.click()` can only be called on a single element. Your subject contained 2 elements. Pass `{ multiple: true }` if you want to serially click each element.\n\nhttps://on.cypress.io/click\n    at mouseAction (http://localhost:3000/__cypress/runner/cypress_runner.js:113607:68)\n    at Context.click (http://localhost:3000/__cypress/runner/cypress_runner.js:113774:14)\n    at wrapped (http://localhost:3000/__cypress/runner/cypress_runner.js:141133:19)\nFrom Your Spec Code:\n    at Object.proxyGetter [as get] (http://localhost:3000/__cypress/runner/cypress_runner.js:79924:22)\n    at exists (http://localhost:3000/__cypress/runner/cypress_runner.js:145988:26)\n    at elExists (http://localhost:3000/__cypress/runner/cypress_runner.js:146003:10)\n    at ensureExistence (http://localhost:3000/__cypress/runner/cypress_runner.js:146184:22)\n    at onFailFn (http://localhost:3000/__cypress/runner/cypress_runner.js:146213:53)",
                "diff": null
              },
              "uuid": "9408b452-ed88-484f-899d-11f5ed4a3a3b",
              "parentUUID": "4c4e7ed6-7ffa-4350-ba3f-1036b75340ca",
              "isHook": false,
              "skipped": false
            },
            {
              "title": "login",
              "fullTitle": "template spec login",
              "timedOut": null,
              "duration": 1640,
              "state": "passed",
              "speed": "fast",
              "pass": true,
              "fail": false,
              "pending": false,
              "context": null,
              "code": "/* ==== Generated with Cypress Studio ==== */\ncy.visit('http://localhost:3000/login');\n/* ==== End Cypress Studio ==== */\n/* ==== Generated with Cypress Studio ==== */\ncy.get(':nth-child(1) > input').clear('o');\ncy.get(':nth-child(1) > input').type('ooo');\ncy.get(':nth-child(2) > input').clear('0');\ncy.get(':nth-child(2) > input').type('00');\ncy.get('button').click();\ncy.get(':nth-child(1) > input').clear('oo');\ncy.get(':nth-child(1) > input').type('test1@gmail.com');\ncy.get(':nth-child(2) > input').clear('0');\ncy.get(':nth-child(2) > input').type('Test#1111{enter}');\ncy.get('button').click();\n/* ==== End Cypress Studio ==== */",
              "err": {},
              "uuid": "ed78a315-ee43-423e-87ae-d977e7040b70",
              "parentUUID": "4c4e7ed6-7ffa-4350-ba3f-1036b75340ca",
              "isHook": false,
              "skipped": false
            },
            {
              "title": "Sign up",
              "fullTitle": "template spec Sign up",
              "timedOut": null,
              "duration": 5708,
              "state": "passed",
              "speed": "medium",
              "pass": true,
              "fail": false,
              "pending": false,
              "context": null,
              "code": "const fakeEmail = _faker.faker.internet.email();\nconst phone = '07' + _faker.faker.string.numeric(8);\n/* ==== Generated with Cypress Studio ==== */\ncy.visit('http://localhost:3000/signup');\n/* ==== End Cypress Studio ==== */\n/* ==== Generated with Cypress Studio ==== */\ncy.get('#firstName').clear('z');\ncy.get('#firstName').type('z');\ncy.get('.signup-btn').click();\ncy.get('#lastName').clear('Zaid');\ncy.get('#lastName').type('Zaid');\ncy.get('#lastName').click();\ncy.get('#address').clear('irbid');\ncy.get('#address').type(\"Irbid\");\ncy.get('[name=\"day\"]').select('14');\ncy.get('[name=\"day\"]').select('9');\ncy.get('[name=\"month\"]').select('Mar');\ncy.get('[name=\"year\"]').select('2013');\ncy.get('.gender-options > :nth-child(1)').click();\ncy.get(':nth-child(1) > input').check();\ncy.get('.gender-options > :nth-child(2)').click();\ncy.get('.gender-options > :nth-child(2) > input').check();\ncy.get('#mobileNumber').clear('09999');\ncy.get('#mobileNumber').type('09999');\ncy.get('#email').clear('Zaidrad@gmail.com');\ncy.get('#email').type('Zaidradgmail.com');\ncy.get('#password').clear('5');\ncy.get('#password').type('567');\ncy.get('#confirmPassword').clear('0');\ncy.get('#confirmPassword').type('000');\ncy.get('.signup-btn').click();\ncy.get('#email').clear();\ncy.get('#email').type(fakeEmail);\ncy.get('.signup-btn').click();\ncy.get('#firstName').clear('A');\ncy.get('#firstName').type('Ali');\ncy.get('#mobileNumber').clear('0999');\ncy.get('#mobileNumber').type(phone);\ncy.get('#password').clear('56');\ncy.get('#password').type(\"Test#1234\");\ncy.get('#confirmPassword').clear('00');\ncy.get('#confirmPassword').type('Test#1234');\ncy.get('.signup-btn').click();\ncy.get('#confirmPassword').clear();\ncy.get('#confirmPassword').type(\"Test#1234\");\ncy.get('.signup-btn').click();\ncy.get('[name=\"year\"]').select('1998');\ncy.get('.signup-btn').click();\n/* ==== End Cypress Studio ==== */",
              "err": {},
              "uuid": "c4e42a9f-70e5-4e06-873c-a326a2b637c4",
              "parentUUID": "4c4e7ed6-7ffa-4350-ba3f-1036b75340ca",
              "isHook": false,
              "skipped": false
            },
            {
              "title": "account info",
              "fullTitle": "template spec account info",
              "timedOut": null,
              "duration": 13552,
              "state": "passed",
              "speed": "slow",
              "pass": true,
              "fail": false,
              "pending": false,
              "context": null,
              "code": "/* ==== Generated with Cypress Studio ==== */\ncy.visit('http://localhost:3000/login');\ncy.get(':nth-child(1) > input').clear('test1@gmail.com');\ncy.get(':nth-child(1) > input').type('test1@gmail.com');\ncy.get(':nth-child(2) > input').clear('Test#1111');\ncy.get(':nth-child(2) > input').type('Test#1111');\ncy.get('button').click();\ncy.get('.User-Avatar-Header > h3').click();\ncy.get(':nth-child(1) > .MuiListItemText-root > .MuiTypography-root').click();\ncy.get(':nth-child(2) > .input-container > .edit-btn').click();\ncy.get(':nth-child(2) > .input-container > .full-width-input').clear('Zaidone');\ncy.get(':nth-child(2) > .input-container > .full-width-input').type('Za');\ncy.get(':nth-child(2) > .input-container > .edit-btn').click();\ncy.get(':nth-child(2) > .input-container > .edit-btn').click();\ncy.get(':nth-child(2) > .input-container > .full-width-input').clear('Z');\ncy.get(':nth-child(2) > .input-container > .full-width-input').type('Z');\ncy.get(':nth-child(2) > .input-container > .edit-btn').click();\ncy.get(':nth-child(2) > .input-container > .full-width-input').clear('Za');\ncy.get(':nth-child(2) > .input-container > .full-width-input').type('Zaidone');\ncy.get(':nth-child(2) > .input-container > .edit-btn').click();\ncy.get(':nth-child(3) > .input-container > .edit-btn').click();\ncy.get(':nth-child(3) > .input-container > .full-width-input').clear('test1gmail.com');\ncy.get(':nth-child(3) > .input-container > .full-width-input').type('test1gmail.com');\ncy.get(':nth-child(3) > .input-container > .edit-btn').click();\ncy.get(':nth-child(3) > .input-container > .full-width-input').clear('test1@gmail.com');\ncy.get(':nth-child(3) > .input-container > .full-width-input').type('test1@gmail.com');\ncy.get(':nth-child(4) > .input-container > .edit-btn').click();\ncy.get(':nth-child(4) > .input-container > .full-width-input').clear('078717324');\ncy.get(':nth-child(4) > .input-container > .full-width-input').type('078717324');\ncy.get(':nth-child(4) > .input-container > .edit-btn').click();\ncy.get(':nth-child(4) > .input-container > .full-width-input').clear('0787173245');\ncy.get(':nth-child(4) > .input-container > .full-width-input').type('0787173245');\ncy.get(':nth-child(6) > .input-container > .edit-btn').click();\ncy.get(':nth-child(6) > .input-container > .full-width-input').clear('Irbi');\ncy.get(':nth-child(6) > .input-container > .full-width-input').type('I');\ncy.get(':nth-child(6) > .input-container > .edit-btn').click();\ncy.get(':nth-child(6) > .input-container > .full-width-input').clear('Ir');\ncy.get(':nth-child(6) > .input-container > .full-width-input').type('Irbid');\ncy.get(':nth-child(6) > .input-container > .edit-btn').click();\ncy.get(':nth-child(5) > .input-container > .edit-btn').click();\ncy.get(':nth-child(5) > .input-container > .full-width-input').select('female');\ncy.get(':nth-child(5) > .input-container > .edit-btn').click();\ncy.get(':nth-child(7) > .input-container > .edit-btn').click();\ncy.get(':nth-child(7) > .input-container > .full-width-input').click();\ncy.get(':nth-child(7) > .input-container > .full-width-input').click();\ncy.get(':nth-child(7) > .input-container > .full-width-input').click();\ncy.get(':nth-child(7) > .input-container > .full-width-input').click();\ncy.get(':nth-child(7) > .input-container > .full-width-input').click();\ncy.get(':nth-child(7) > .input-container > .edit-btn').click();\ncy.get(':nth-child(8) > .input-container > .edit-btn').click();\ncy.get(':nth-child(8) > .input-container > .full-width-input').clear('4');\ncy.get(':nth-child(8) > .input-container > .full-width-input').type('44');\ncy.get(':nth-child(8) > .input-container > .edit-btn').click();\ncy.get(':nth-child(8) > .input-container > .full-width-input').clear('4');\ncy.get(':nth-child(8) > .input-container > .full-width-input').type('Test#1111');\ncy.get('.account-inf-card > :nth-child(9)').click();\ncy.get(':nth-child(9) > .input-container > .full-width-input').clear('Test#1111');\ncy.get(':nth-child(9) > .input-container > .full-width-input').type('Test#1111');\ncy.get(':nth-child(8) > .input-container > .edit-btn').click();\ncy.get(':nth-child(3) > .input-container > .edit-btn').click();\ncy.get(':nth-child(4) > .input-container > .edit-btn').click();\ncy.get('input[type=\"file\"]').attachFile(\"user.jpg\");\ncy.get('.delete-btn').click();\n/* ==== End Cypress Studio ==== */",
              "err": {},
              "uuid": "6f1275ea-be9b-427f-acf2-0c51825473a1",
              "parentUUID": "4c4e7ed6-7ffa-4350-ba3f-1036b75340ca",
              "isHook": false,
              "skipped": false
            },
            {
              "title": "profile",
              "fullTitle": "template spec profile",
              "timedOut": null,
              "duration": 17385,
              "state": "failed",
              "speed": null,
              "pass": false,
              "fail": true,
              "pending": false,
              "context": null,
              "code": "/* ==== Generated with Cypress Studio ==== */\ncy.visit('http://localhost:3000/login');\ncy.get(':nth-child(1) > input').clear('test1@gmail.com');\ncy.get(':nth-child(1) > input').type('test1@gmail.com');\ncy.get(':nth-child(2) > input').clear('Test#1111');\ncy.get(':nth-child(2) > input').type('Test#1111');\ncy.get('button').click();\ncy.get('.User-Avatar-Header > h3').click();\ncy.get(':nth-child(3) > .MuiListItemText-root > .MuiTypography-root').click();\ncy.get('.profile-tabs > :nth-child(2)').click();\ncy.get('.profile-tabs > :nth-child(1)').click();\ncy.get('.profile-offer-img').click();\n/* ==== End Cypress Studio ==== */",
              "err": {
                "message": "CypressError: `cy.click()` can only be called on a single element. Your subject contained 5 elements. Pass `{ multiple: true }` if you want to serially click each element.\n\nhttps://on.cypress.io/click",
                "estack": "CypressError: `cy.click()` can only be called on a single element. Your subject contained 5 elements. Pass `{ multiple: true }` if you want to serially click each element.\n\nhttps://on.cypress.io/click\n    at mouseAction (http://localhost:3000/__cypress/runner/cypress_runner.js:113607:68)\n    at Context.click (http://localhost:3000/__cypress/runner/cypress_runner.js:113774:14)\n    at wrapped (http://localhost:3000/__cypress/runner/cypress_runner.js:141133:19)\n    at <unknown> (http://localhost:3000/__cypress/runner/cypress_runner.js:147078:15)\n    at tryCatcher (http://localhost:3000/__cypress/runner/cypress_runner.js:1777:23)\n    at Promise._settlePromiseFromHandler (http://localhost:3000/__cypress/runner/cypress_runner.js:1489:31)\n    at Promise._settlePromise (http://localhost:3000/__cypress/runner/cypress_runner.js:1546:18)\n    at Promise._settlePromiseCtx (http://localhost:3000/__cypress/runner/cypress_runner.js:1583:10)\n    at _drainQueueStep (http://localhost:3000/__cypress/runner/cypress_runner.js:2381:12)\n    at _drainQueue (http://localhost:3000/__cypress/runner/cypress_runner.js:2370:9)\n    at Async._drainQueues (http://localhost:3000/__cypress/runner/cypress_runner.js:2386:5)\n    at Async.drainQueues (http://localhost:3000/__cypress/runner/cypress_runner.js:2256:14)",
                "diff": null
              },
              "uuid": "68cdb180-ba06-4831-b787-85c6f05ecab7",
              "parentUUID": "4c4e7ed6-7ffa-4350-ba3f-1036b75340ca",
              "isHook": false,
              "skipped": false
            },
            {
              "title": "Detail offer",
              "fullTitle": "template spec Detail offer",
              "timedOut": null,
              "duration": 211711,
              "state": "failed",
              "speed": null,
              "pass": false,
              "fail": true,
              "pending": false,
              "context": null,
              "code": "/* ==== Generated with Cypress Studio ==== */\ncy.visit('http://localhost:3000/login');\ncy.get(':nth-child(1) > input').clear('t');\ncy.get(':nth-child(1) > input').type('test1@gmail.com');\ncy.get(':nth-child(2) > input').clear('T');\ncy.get(':nth-child(2) > input').type('Test#1111');\ncy.get('button').click();\ncy.get(':nth-child(1) > .offer-details > .offer-subtitle').click();\ncy.get(':nth-child(3) > svg').click();\ncy.get(':nth-child(3) > svg > path').click();\ncy.get('.swiper-button-next').click();\ncy.get('.swiper-button-prev').click();\ncy.get(':nth-child(4) > .thumb-wrapper > .thumb-image').click();\ncy.get('.swiper-pagination > :nth-child(2)').click();\ncy.get(':nth-child(2) > .custom-button').click();\ncy.get('.MuiDialogActions-root > .MuiButton-textPrimary').click();\n/* ==== End Cypress Studio ==== */",
              "err": {
                "message": "CypressError: Timed out retrying after 200050ms: `cy.click()` failed because this element is not visible:\n\n`<div class=\"swiper-button-next swiper-button-lock\" style=\"color: rgb(76, 175, 80);\"></div>`\n\nThis element `<div.swiper-button-next.swiper-button-lock>` is not visible because it has CSS property: `display: none`\n\nFix this problem, or use `{force: true}` to disable error checking.\n\nhttps://on.cypress.io/element-cannot-be-interacted-with",
                "estack": "CypressError: Timed out retrying after 200050ms: `cy.click()` failed because this element is not visible:\n\n`<div class=\"swiper-button-next swiper-button-lock\" style=\"color: rgb(76, 175, 80);\"></div>`\n\nThis element `<div.swiper-button-next.swiper-button-lock>` is not visible because it has CSS property: `display: none`\n\nFix this problem, or use `{force: true}` to disable error checking.\n\nhttps://on.cypress.io/element-cannot-be-interacted-with\n    at runVisibilityCheck (http://localhost:3000/__cypress/runner/cypress_runner.js:147979:58)\n    at Object.isStrictlyVisible (http://localhost:3000/__cypress/runner/cypress_runner.js:147993:10)\n    at runAllChecks (http://localhost:3000/__cypress/runner/cypress_runner.js:114370:26)\n    at retryActionability (http://localhost:3000/__cypress/runner/cypress_runner.js:114438:16)\n    at tryCatcher (http://localhost:3000/__cypress/runner/cypress_runner.js:1777:23)\n    at Promise.attempt.Promise.try (http://localhost:3000/__cypress/runner/cypress_runner.js:4285:29)\n    at whenStable (http://localhost:3000/__cypress/runner/cypress_runner.js:146806:68)\n    at <unknown> (http://localhost:3000/__cypress/runner/cypress_runner.js:146747:14)\n    at tryCatcher (http://localhost:3000/__cypress/runner/cypress_runner.js:1777:23)\n    at Promise._settlePromiseFromHandler (http://localhost:3000/__cypress/runner/cypress_runner.js:1489:31)\n    at Promise._settlePromise (http://localhost:3000/__cypress/runner/cypress_runner.js:1546:18)\n    at Promise._settlePromise0 (http://localhost:3000/__cypress/runner/cypress_runner.js:1591:10)\n    at Promise._settlePromises (http://localhost:3000/__cypress/runner/cypress_runner.js:1671:18)\n    at Promise._fulfill (http://localhost:3000/__cypress/runner/cypress_runner.js:1615:18)\n    at <unknown> (http://localhost:3000/__cypress/runner/cypress_runner.js:5420:46)",
                "diff": null
              },
              "uuid": "7c5575d2-d794-42f9-a9d0-dc8721ae4a65",
              "parentUUID": "4c4e7ed6-7ffa-4350-ba3f-1036b75340ca",
              "isHook": false,
              "skipped": false
            },
            {
              "title": "Dashboard ",
              "fullTitle": "template spec Dashboard ",
              "timedOut": null,
              "duration": 211362,
              "state": "failed",
              "speed": null,
              "pass": false,
              "fail": true,
              "pending": false,
              "context": null,
              "code": "/* ==== Generated with Cypress Studio ==== */\ncy.visit('http://localhost:3000/login');\ncy.get(':nth-child(1) > input').clear('te');\ncy.get(':nth-child(1) > input').type('test1@gmail.com');\ncy.get(':nth-child(2) > input').clear('T');\ncy.get(':nth-child(2) > input').type('Test#1111');\ncy.get('button').click();\ncy.get('.User-Avatar-Header > h3').click();\ncy.get('.MuiList-root > :nth-child(5)').click();\ncy.get('.MuiPaper-root.Mui-expanded > .MuiAccordion-heading > .MuiButtonBase-root > .MuiAccordionSummary-expandIconWrapper > [data-testid=\"ExpandMoreIcon\"]').click();\ncy.get(':nth-child(6) > .MuiAccordion-heading > .MuiButtonBase-root > .MuiAccordionSummary-expandIconWrapper > [data-testid=\"ExpandMoreIcon\"]').click();\ncy.get('.MuiPaper-root.Mui-expanded > .MuiAccordion-heading > .MuiButtonBase-root > .MuiAccordionSummary-expandIconWrapper > [data-testid=\"ExpandMoreIcon\"]').click();\ncy.get(':nth-child(8) > .MuiAccordion-heading > .MuiButtonBase-root > .MuiAccordionSummary-expandIconWrapper > [data-testid=\"ExpandMoreIcon\"]').click();\ncy.get('.MuiPaper-root.Mui-expanded > .MuiAccordion-heading > .MuiButtonBase-root > .MuiAccordionSummary-expandIconWrapper > [data-testid=\"ExpandMoreIcon\"]').click();\ncy.get(':nth-child(10) > .MuiAccordion-heading > .MuiButtonBase-root').click();\ncy.get('.MuiPaper-root.Mui-expanded > .MuiAccordion-heading > .MuiButtonBase-root > .MuiAccordionSummary-expandIconWrapper > [data-testid=\"ExpandMoreIcon\"]').click();\n/* ==== End Cypress Studio ==== */\n/* ==== Generated with Cypress Studio ==== */\ncy.get('.User-Avatar-Header > svg').click();\ncy.get(':nth-child(7) > .MuiListItemText-root > .MuiTypography-root').click();\ncy.get('.MuiPaper-root.Mui-expanded > .MuiAccordion-heading > .MuiButtonBase-root > .MuiAccordionSummary-expandIconWrapper > [data-testid=\"ExpandMoreIcon\"] > path').click();\ncy.get(':nth-child(6) > .MuiAccordion-heading > .MuiButtonBase-root > .MuiAccordionSummary-expandIconWrapper > [data-testid=\"ExpandMoreIcon\"]').click();\ncy.get(':nth-child(8) > .MuiAccordion-heading > .MuiButtonBase-root > .MuiAccordionSummary-expandIconWrapper > [data-testid=\"ExpandMoreIcon\"]').click();\ncy.get('.stats-grid > :nth-child(2)').click();\n/* ==== End Cypress Studio ==== */",
              "err": {
                "message": "CypressError: Timed out retrying after 200050ms: `cy.click()` failed because this element:\n\n`<path d=\"M16.59 8.59 12 13.17 7.41 8.59 6 10l6 6 6-6z\"></path>`\n\nis being covered by another element:\n\n`<svg class=\"MuiSvgIcon-root MuiSvgIcon-fontSizeMedium css-1umw9bq-MuiSvgIcon-root\" focusable=\"false\" aria-hidden=\"true\" viewBox=\"0 0 24 24\" data-testid=\"ExpandMoreIcon\">...</svg>`\n\nFix this problem, or use {force: true} to disable error checking.\n\nhttps://on.cypress.io/element-cannot-be-interacted-with",
                "estack": "CypressError: Timed out retrying after 200050ms: `cy.click()` failed because this element:\n\n`<path d=\"M16.59 8.59 12 13.17 7.41 8.59 6 10l6 6 6-6z\"></path>`\n\nis being covered by another element:\n\n`<svg class=\"MuiSvgIcon-root MuiSvgIcon-fontSizeMedium css-1umw9bq-MuiSvgIcon-root\" focusable=\"false\" aria-hidden=\"true\" viewBox=\"0 0 24 24\" data-testid=\"ExpandMoreIcon\">...</svg>`\n\nFix this problem, or use {force: true} to disable error checking.\n\nhttps://on.cypress.io/element-cannot-be-interacted-with\n    at ensureIsDescendent (http://localhost:3000/__cypress/runner/cypress_runner.js:114014:68)\n    at ensureDescendents (http://localhost:3000/__cypress/runner/cypress_runner.js:114065:5)\n    at ensureDescendentsAndScroll (http://localhost:3000/__cypress/runner/cypress_runner.js:114071:14)\n    at ensureElIsNotCovered (http://localhost:3000/__cypress/runner/cypress_runner.js:114202:5)\n    at runAllChecks (http://localhost:3000/__cypress/runner/cypress_runner.js:114401:52)\n    at retryActionability (http://localhost:3000/__cypress/runner/cypress_runner.js:114438:16)\n    at tryCatcher (http://localhost:3000/__cypress/runner/cypress_runner.js:1777:23)\n    at Promise.attempt.Promise.try (http://localhost:3000/__cypress/runner/cypress_runner.js:4285:29)\n    at whenStable (http://localhost:3000/__cypress/runner/cypress_runner.js:146806:68)\n    at <unknown> (http://localhost:3000/__cypress/runner/cypress_runner.js:146747:14)\n    at tryCatcher (http://localhost:3000/__cypress/runner/cypress_runner.js:1777:23)\n    at Promise._settlePromiseFromHandler (http://localhost:3000/__cypress/runner/cypress_runner.js:1489:31)\n    at Promise._settlePromise (http://localhost:3000/__cypress/runner/cypress_runner.js:1546:18)\n    at Promise._settlePromise0 (http://localhost:3000/__cypress/runner/cypress_runner.js:1591:10)\n    at Promise._settlePromises (http://localhost:3000/__cypress/runner/cypress_runner.js:1671:18)\n    at Promise._fulfill (http://localhost:3000/__cypress/runner/cypress_runner.js:1615:18)\n    at <unknown> (http://localhost:3000/__cypress/runner/cypress_runner.js:5420:46)",
                "diff": null
              },
              "uuid": "3564d1d0-45ed-441e-a4d4-7e9fbaeda8d2",
              "parentUUID": "4c4e7ed6-7ffa-4350-ba3f-1036b75340ca",
              "isHook": false,
              "skipped": false
            },
            {
              "title": "add/ update offer",
              "fullTitle": "template spec add/ update offer",
              "timedOut": null,
              "duration": 27174,
              "state": "passed",
              "speed": "slow",
              "pass": true,
              "fail": false,
              "pending": false,
              "context": null,
              "code": "/* ==== Generated with Cypress Studio ==== */\ncy.visit('http://localhost:3000/login');\ncy.get(':nth-child(1) > input').clear('t');\ncy.get(':nth-child(1) > input').type('test1@gmail.com');\ncy.get(':nth-child(2) > input').clear('T');\ncy.get(':nth-child(2) > input').type('Test#1111');\ncy.get('button').click();\ncy.get('.User-Avatar-Header > h3').click();\ncy.get(':nth-child(5) > .MuiListItemText-root > .MuiTypography-root').click();\n/* ==== End Cypress Studio ==== */\n/* ==== Generated with Cypress Studio ==== */\ncy.get('.add-offer-button > svg > path').click();\ncy.get(':nth-child(1) > .textInput').clear('i');\ncy.get(':nth-child(1) > .textInput').type('ii');\ncy.get(':nth-child(2) > .unit-Input > .textInput').click();\ncy.get(':nth-child(2) > .unit-Input > .textInput').click();\ncy.get(':nth-child(2) > .unit-Input > .textInput').click();\ncy.get('[message=\"Years\"]').click();\ncy.get('[message=\"Years\"]').click();\ncy.get('[message=\"Months\"]').click();\ncy.get('[message=\"Months\"]').click();\ncy.get('[message=\"Years\"]').click();\ncy.get(':nth-child(4) > .unit-Input > .textInput').click();\ncy.get(':nth-child(4) > .unit-Input > .textInput').click();\ncy.get(':nth-child(4) > .unit-Input > .textInput').click();\ncy.get(':nth-child(5) > .textInput').click();\ncy.get(':nth-child(5) > .textInput').clear('o');\ncy.get(':nth-child(5) > .textInput').type('o');\ncy.get(':nth-child(6) > .textInput').click();\ncy.get('.submit').click();\ncy.get(':nth-child(1) > .textInput').clear('i');\ncy.get(':nth-child(1) > .textInput').type('land for rent');\ncy.get('.submit').click();\ncy.get(':nth-child(5) > .textInput').clear();\ncy.get(':nth-child(5) > .textInput').type('west jordan');\ncy.get('.submit').click();\ncy.get(':nth-child(6) > .textInput').click();\ncy.get('.submit').click();\n/* ==== End Cypress Studio ==== */\n/* ==== Generated with Cypress Studio ==== */\ncy.get(':nth-child(2) > .unit-Input > .textInput').click();\ncy.get(':nth-child(2) > .unit-Input > .textInput').click();\ncy.get(':nth-child(2) > .unit-Input > .textInput').click();\ncy.get('[message=\"Years\"]').click();\ncy.get('[message=\"Years\"]').click();\ncy.get('[message=\"Years\"]').click();\ncy.get('[message=\"Months\"]').click();\ncy.get('[message=\"Months\"]').click();\ncy.get('[message=\"Months\"]').click();\ncy.get(':nth-child(4) > .unit-Input > .textInput').click();\ncy.get(':nth-child(4) > .unit-Input > .textInput').click();\ncy.get(':nth-child(4) > .unit-Input > .textInput').click();\n/* ==== End Cypress Studio ==== */\n/* ==== Generated with Cypress Studio ==== */\ncy.get(':nth-child(4) > .unit-Input > .textInput').click();\ncy.get(':nth-child(4) > .unit-Input > .textInput').click();\ncy.get(':nth-child(4) > .unit-Input > .textInput').click();\ncy.get('[message=\"Months\"]').click();\ncy.get('[message=\"Months\"]').click();\ncy.get('[message=\"Years\"]').click();\ncy.get('[message=\"Years\"]').click();\ncy.get(':nth-child(2) > .unit-Input > .textInput').click();\ncy.get(':nth-child(2) > .unit-Input > .textInput').click();\ncy.get('.submit').click();\n/* ==== End Cypress Studio ==== */\n/* ==== Generated with Cypress Studio ==== */\ncy.get(':nth-child(2) > .unit-Input > .textInput').clear('8');\ncy.get(':nth-child(2) > .unit-Input > .textInput').type('8');\ncy.get('[message=\"Years\"]').clear('9');\ncy.get('[message=\"Years\"]').type('99');\ncy.get('[message=\"Months\"]').clear('7');\ncy.get('[message=\"Months\"]').type('7');\ncy.get('[message=\"Years\"]').clear('9');\ncy.get('[message=\"Years\"]').type('9');\ncy.get(':nth-child(4) > .unit-Input > .textInput').clear('6');\ncy.get(':nth-child(4) > .unit-Input > .textInput').type('6');\ncy.get('.submit').click();\n/* ==== End Cypress Studio ==== */\n/* ==== Generated with Cypress Studio ==== */\ncy.get(':nth-child(6) > .textInput').click();\ncy.get('.submit').click();\ncy.get(':nth-child(2) > .unit-Input > .textInput').click();\ncy.get('.submit').click();\n/* ==== End Cypress Studio ==== */\n/* ==== Generated with Cypress Studio ==== */\ncy.get(':nth-child(2) > .unit-Input > .textInput').clear('5');\ncy.get(':nth-child(2) > .unit-Input > .textInput').type('55');\n/* ==== End Cypress Studio ==== */\n/* ==== Generated with Cypress Studio ==== */\ncy.get('textarea.textInput').type('A very fertile and well-maintained piece of land available for rent. Ideal for farming, gardening, or other agricultural purposes. The soil is rich and the area is peaceful, with easy access to water. The price is negotiable based on your intended use and rental period.');\ncy.get('input[type=\"file\"]').attachFile(\"1.jpg\");\ncy.get('input[type=\"file\"]').attachFile(\"2.jpg\");\ncy.get('input[type=\"file\"]').attachFile(\"3.jpg\");\ncy.get('input[type=\"file\"]').attachFile(\"4.jpg\");\ncy.get('input[type=\"file\"]').attachFile(\"5.jpg\");\n/* ==== End Cypress Studio ==== */\n/* ==== Generated with Cypress Studio ==== */\ncy.get('.submit').click();\ncy.get('.notification').click();\n/* ==== End Cypress Studio ==== */",
              "err": {},
              "uuid": "479f9e98-2504-4448-98ff-3110c8ae2237",
              "parentUUID": "4c4e7ed6-7ffa-4350-ba3f-1036b75340ca",
              "isHook": false,
              "skipped": false
            }
          ],
          "suites": [],
          "passes": [
            "ed78a315-ee43-423e-87ae-d977e7040b70",
            "c4e42a9f-70e5-4e06-873c-a326a2b637c4",
            "6f1275ea-be9b-427f-acf2-0c51825473a1",
            "479f9e98-2504-4448-98ff-3110c8ae2237"
          ],
          "failures": [
            "9408b452-ed88-484f-899d-11f5ed4a3a3b",
            "68cdb180-ba06-4831-b787-85c6f05ecab7",
            "7c5575d2-d794-42f9-a9d0-dc8721ae4a65",
            "3564d1d0-45ed-441e-a4d4-7e9fbaeda8d2"
          ],
          "pending": [],
          "skipped": [],
          "duration": 498152,
          "root": false,
          "rootEmpty": false,
          "_timeout": 2000
        }
      ],
      "passes": [],
      "failures": [],
      "pending": [],
      "skipped": [],
      "duration": 0,
      "root": true,
      "rootEmpty": true,
      "_timeout": 2000
    },
    {
      "uuid": "1d21f89b-eeae-4436-bf5b-1e558e396a29",
      "title": "",
      "fullFile": "cypress\\e2e\\spec.cy.js",
      "file": "cypress\\e2e\\spec.cy.js",
      "beforeHooks": [],
      "afterHooks": [],
      "tests": [],
      "suites": [
        {
          "uuid": "2142a06f-908b-4513-bf80-339ef76cd749",
          "title": "template spec",
          "fullFile": "",
          "file": "",
          "beforeHooks": [],
          "afterHooks": [],
          "tests": [
            {
              "title": "home",
              "fullTitle": "template spec home",
              "timedOut": null,
              "duration": 8372,
              "state": "failed",
              "speed": null,
              "pass": false,
              "fail": true,
              "pending": false,
              "context": null,
              "code": "/* ==== Generated with Cypress Studio ==== */\ncy.visit('http://localhost:3000/');\ncy.get('.nav-links > [href=\"/\"]').click();\ncy.get('[href=\"/education\"]').click();\ncy.get('[href=\"/about\"]').click();\ncy.get('.nav-links > [href=\"/contact\"]').click();\ncy.get('.nav-links > [href=\"/\"]').click();\ncy.get('[href=\"/policy\"]').click();\ncy.get('[href=\"/terms\"]').click();\ncy.get('.footer-links > [href=\"/contact\"]').click();\ncy.get('.brand-name').click();\ncy.get('.search-input').clear('p');\ncy.get('.search-input').type('per');\ncy.get('.search-button').click();\ncy.get('#cityFilter').select('Irbid');\ncy.get('.search-input').click();\ncy.get('.filter-button').click();\ncy.get('#spaceFilter').click();\n/* ==== End Cypress Studio ==== */\n/* ==== Generated with Cypress Studio ==== */\ncy.get('.offer-subtitle').click();\n/* ==== End Cypress Studio ==== */",
              "err": {
                "message": "CypressError: `cy.click()` can only be called on a single element. Your subject contained 2 elements. Pass `{ multiple: true }` if you want to serially click each element.\n\nhttps://on.cypress.io/click",
                "estack": "CypressError: `cy.click()` can only be called on a single element. Your subject contained 2 elements. Pass `{ multiple: true }` if you want to serially click each element.\n\nhttps://on.cypress.io/click\n    at mouseAction (http://localhost:3000/__cypress/runner/cypress_runner.js:113607:68)\n    at Context.click (http://localhost:3000/__cypress/runner/cypress_runner.js:113774:14)\n    at wrapped (http://localhost:3000/__cypress/runner/cypress_runner.js:141133:19)\nFrom Your Spec Code:\n    at Object.proxyGetter [as get] (http://localhost:3000/__cypress/runner/cypress_runner.js:79924:22)\n    at exists (http://localhost:3000/__cypress/runner/cypress_runner.js:145988:26)\n    at elExists (http://localhost:3000/__cypress/runner/cypress_runner.js:146003:10)\n    at ensureExistence (http://localhost:3000/__cypress/runner/cypress_runner.js:146184:22)\n    at onFailFn (http://localhost:3000/__cypress/runner/cypress_runner.js:146213:53)",
                "diff": null
              },
              "uuid": "ce50d816-6549-4580-8ca9-21f098c5be63",
              "parentUUID": "2142a06f-908b-4513-bf80-339ef76cd749",
              "isHook": false,
              "skipped": false
            },
            {
              "title": "login",
              "fullTitle": "template spec login",
              "timedOut": null,
              "duration": 1726,
              "state": "passed",
              "speed": "fast",
              "pass": true,
              "fail": false,
              "pending": false,
              "context": null,
              "code": "/* ==== Generated with Cypress Studio ==== */\ncy.visit('http://localhost:3000/login');\n/* ==== End Cypress Studio ==== */\n/* ==== Generated with Cypress Studio ==== */\ncy.get(':nth-child(1) > input').clear('o');\ncy.get(':nth-child(1) > input').type('ooo');\ncy.get(':nth-child(2) > input').clear('0');\ncy.get(':nth-child(2) > input').type('00');\ncy.get('button').click();\ncy.get(':nth-child(1) > input').clear('oo');\ncy.get(':nth-child(1) > input').type('test1@gmail.com');\ncy.get(':nth-child(2) > input').clear('0');\ncy.get(':nth-child(2) > input').type('Test#1111{enter}');\ncy.get('button').click();\n/* ==== End Cypress Studio ==== */",
              "err": {},
              "uuid": "6a7da08a-ad4d-451f-9dd0-2675847d4b6c",
              "parentUUID": "2142a06f-908b-4513-bf80-339ef76cd749",
              "isHook": false,
              "skipped": false
            },
            {
              "title": "Sign up",
              "fullTitle": "template spec Sign up",
              "timedOut": null,
              "duration": 5700,
              "state": "passed",
              "speed": "medium",
              "pass": true,
              "fail": false,
              "pending": false,
              "context": null,
              "code": "const fakeEmail = _faker.faker.internet.email();\nconst phone = '07' + _faker.faker.string.numeric(8);\n/* ==== Generated with Cypress Studio ==== */\ncy.visit('http://localhost:3000/signup');\n/* ==== End Cypress Studio ==== */\n/* ==== Generated with Cypress Studio ==== */\ncy.get('#firstName').clear('z');\ncy.get('#firstName').type('z');\ncy.get('.signup-btn').click();\ncy.get('#lastName').clear('Zaid');\ncy.get('#lastName').type('Zaid');\ncy.get('#lastName').click();\ncy.get('#address').clear('irbid');\ncy.get('#address').type(\"Irbid\");\ncy.get('[name=\"day\"]').select('14');\ncy.get('[name=\"day\"]').select('9');\ncy.get('[name=\"month\"]').select('Mar');\ncy.get('[name=\"year\"]').select('2013');\ncy.get('.gender-options > :nth-child(1)').click();\ncy.get(':nth-child(1) > input').check();\ncy.get('.gender-options > :nth-child(2)').click();\ncy.get('.gender-options > :nth-child(2) > input').check();\ncy.get('#mobileNumber').clear('09999');\ncy.get('#mobileNumber').type('09999');\ncy.get('#email').clear('Zaidrad@gmail.com');\ncy.get('#email').type('Zaidradgmail.com');\ncy.get('#password').clear('5');\ncy.get('#password').type('567');\ncy.get('#confirmPassword').clear('0');\ncy.get('#confirmPassword').type('000');\ncy.get('.signup-btn').click();\ncy.get('#email').clear();\ncy.get('#email').type(fakeEmail);\ncy.get('.signup-btn').click();\ncy.get('#firstName').clear('A');\ncy.get('#firstName').type('Ali');\ncy.get('#mobileNumber').clear('0999');\ncy.get('#mobileNumber').type(phone);\ncy.get('#password').clear('56');\ncy.get('#password').type(\"Test#1234\");\ncy.get('#confirmPassword').clear('00');\ncy.get('#confirmPassword').type('Test#1234');\ncy.get('.signup-btn').click();\ncy.get('#confirmPassword').clear();\ncy.get('#confirmPassword').type(\"Test#1234\");\ncy.get('.signup-btn').click();\ncy.get('[name=\"year\"]').select('1998');\ncy.get('.signup-btn').click();\n/* ==== End Cypress Studio ==== */",
              "err": {},
              "uuid": "2727e8cb-8341-481b-9048-47cee01f2459",
              "parentUUID": "2142a06f-908b-4513-bf80-339ef76cd749",
              "isHook": false,
              "skipped": false
            },
            {
              "title": "account info",
              "fullTitle": "template spec account info",
              "timedOut": null,
              "duration": 12407,
              "state": "passed",
              "speed": "slow",
              "pass": true,
              "fail": false,
              "pending": false,
              "context": null,
              "code": "/* ==== Generated with Cypress Studio ==== */\ncy.visit('http://localhost:3000/login');\ncy.get(':nth-child(1) > input').clear('test1@gmail.com');\ncy.get(':nth-child(1) > input').type('test1@gmail.com');\ncy.get(':nth-child(2) > input').clear('Test#1111');\ncy.get(':nth-child(2) > input').type('Test#1111');\ncy.get('button').click();\ncy.get('.User-Avatar-Header > h3').click();\ncy.get(':nth-child(1) > .MuiListItemText-root > .MuiTypography-root').click();\ncy.get(':nth-child(2) > .input-container > .edit-btn').click();\ncy.get(':nth-child(2) > .input-container > .full-width-input').clear('Zaidone');\ncy.get(':nth-child(2) > .input-container > .full-width-input').type('Za');\ncy.get(':nth-child(2) > .input-container > .edit-btn').click();\ncy.get(':nth-child(2) > .input-container > .edit-btn').click();\ncy.get(':nth-child(2) > .input-container > .full-width-input').clear('Z');\ncy.get(':nth-child(2) > .input-container > .full-width-input').type('Z');\ncy.get(':nth-child(2) > .input-container > .edit-btn').click();\ncy.get(':nth-child(2) > .input-container > .full-width-input').clear('Za');\ncy.get(':nth-child(2) > .input-container > .full-width-input').type('Zaidone');\ncy.get(':nth-child(2) > .input-container > .edit-btn').click();\ncy.get(':nth-child(3) > .input-container > .edit-btn').click();\ncy.get(':nth-child(3) > .input-container > .full-width-input').clear('test1gmail.com');\ncy.get(':nth-child(3) > .input-container > .full-width-input').type('test1gmail.com');\ncy.get(':nth-child(3) > .input-container > .edit-btn').click();\ncy.get(':nth-child(3) > .input-container > .full-width-input').clear('test1@gmail.com');\ncy.get(':nth-child(3) > .input-container > .full-width-input').type('test1@gmail.com');\ncy.get(':nth-child(4) > .input-container > .edit-btn').click();\ncy.get(':nth-child(4) > .input-container > .full-width-input').clear('078717324');\ncy.get(':nth-child(4) > .input-container > .full-width-input').type('078717324');\ncy.get(':nth-child(4) > .input-container > .edit-btn').click();\ncy.get(':nth-child(4) > .input-container > .full-width-input').clear('0787173245');\ncy.get(':nth-child(4) > .input-container > .full-width-input').type('0787173245');\ncy.get(':nth-child(6) > .input-container > .edit-btn').click();\ncy.get(':nth-child(6) > .input-container > .full-width-input').clear('Irbi');\ncy.get(':nth-child(6) > .input-container > .full-width-input').type('I');\ncy.get(':nth-child(6) > .input-container > .edit-btn').click();\ncy.get(':nth-child(6) > .input-container > .full-width-input').clear('Ir');\ncy.get(':nth-child(6) > .input-container > .full-width-input').type('Irbid');\ncy.get(':nth-child(6) > .input-container > .edit-btn').click();\ncy.get(':nth-child(5) > .input-container > .edit-btn').click();\ncy.get(':nth-child(5) > .input-container > .full-width-input').select('female');\ncy.get(':nth-child(5) > .input-container > .edit-btn').click();\ncy.get(':nth-child(7) > .input-container > .edit-btn').click();\ncy.get(':nth-child(7) > .input-container > .full-width-input').click();\ncy.get(':nth-child(7) > .input-container > .full-width-input').click();\ncy.get(':nth-child(7) > .input-container > .full-width-input').click();\ncy.get(':nth-child(7) > .input-container > .full-width-input').click();\ncy.get(':nth-child(7) > .input-container > .full-width-input').click();\ncy.get(':nth-child(7) > .input-container > .edit-btn').click();\ncy.get(':nth-child(8) > .input-container > .edit-btn').click();\ncy.get(':nth-child(8) > .input-container > .full-width-input').clear('4');\ncy.get(':nth-child(8) > .input-container > .full-width-input').type('44');\ncy.get(':nth-child(8) > .input-container > .edit-btn').click();\ncy.get(':nth-child(8) > .input-container > .full-width-input').clear('4');\ncy.get(':nth-child(8) > .input-container > .full-width-input').type('Test#1111');\ncy.get('.account-inf-card > :nth-child(9)').click();\ncy.get(':nth-child(9) > .input-container > .full-width-input').clear('Test#1111');\ncy.get(':nth-child(9) > .input-container > .full-width-input').type('Test#1111');\ncy.get(':nth-child(8) > .input-container > .edit-btn').click();\ncy.get(':nth-child(3) > .input-container > .edit-btn').click();\ncy.get(':nth-child(4) > .input-container > .edit-btn').click();\ncy.get('input[type=\"file\"]').attachFile(\"user.jpg\");\ncy.get('.delete-btn').click();\n/* ==== End Cypress Studio ==== */",
              "err": {},
              "uuid": "7c1f7598-896c-4838-b11e-83c208c92cfd",
              "parentUUID": "2142a06f-908b-4513-bf80-339ef76cd749",
              "isHook": false,
              "skipped": false
            },
            {
              "title": "profile",
              "fullTitle": "template spec profile",
              "timedOut": null,
              "duration": 19572,
              "state": "failed",
              "speed": null,
              "pass": false,
              "fail": true,
              "pending": false,
              "context": null,
              "code": "/* ==== Generated with Cypress Studio ==== */\ncy.visit('http://localhost:3000/login');\ncy.get(':nth-child(1) > input').clear('test1@gmail.com');\ncy.get(':nth-child(1) > input').type('test1@gmail.com');\ncy.get(':nth-child(2) > input').clear('Test#1111');\ncy.get(':nth-child(2) > input').type('Test#1111');\ncy.get('button').click();\ncy.get('.User-Avatar-Header > h3').click();\ncy.get(':nth-child(3) > .MuiListItemText-root > .MuiTypography-root').click();\ncy.get('.profile-tabs > :nth-child(2)').click();\ncy.get('.profile-tabs > :nth-child(1)').click();\ncy.get('.profile-offer-img').click();\n/* ==== End Cypress Studio ==== */",
              "err": {
                "message": "CypressError: `cy.click()` can only be called on a single element. Your subject contained 6 elements. Pass `{ multiple: true }` if you want to serially click each element.\n\nhttps://on.cypress.io/click",
                "estack": "CypressError: `cy.click()` can only be called on a single element. Your subject contained 6 elements. Pass `{ multiple: true }` if you want to serially click each element.\n\nhttps://on.cypress.io/click\n    at mouseAction (http://localhost:3000/__cypress/runner/cypress_runner.js:113607:68)\n    at Context.click (http://localhost:3000/__cypress/runner/cypress_runner.js:113774:14)\n    at wrapped (http://localhost:3000/__cypress/runner/cypress_runner.js:141133:19)\n    at <unknown> (http://localhost:3000/__cypress/runner/cypress_runner.js:147078:15)\n    at tryCatcher (http://localhost:3000/__cypress/runner/cypress_runner.js:1777:23)\n    at Promise._settlePromiseFromHandler (http://localhost:3000/__cypress/runner/cypress_runner.js:1489:31)\n    at Promise._settlePromise (http://localhost:3000/__cypress/runner/cypress_runner.js:1546:18)\n    at Promise._settlePromiseCtx (http://localhost:3000/__cypress/runner/cypress_runner.js:1583:10)\n    at _drainQueueStep (http://localhost:3000/__cypress/runner/cypress_runner.js:2381:12)\n    at _drainQueue (http://localhost:3000/__cypress/runner/cypress_runner.js:2370:9)\n    at Async._drainQueues (http://localhost:3000/__cypress/runner/cypress_runner.js:2386:5)\n    at Async.drainQueues (http://localhost:3000/__cypress/runner/cypress_runner.js:2256:14)",
                "diff": null
              },
              "uuid": "9af545c4-4eae-46d5-873a-c30768d88c30",
              "parentUUID": "2142a06f-908b-4513-bf80-339ef76cd749",
              "isHook": false,
              "skipped": false
            },
            {
              "title": "Detail offer",
              "fullTitle": "template spec Detail offer",
              "timedOut": null,
              "duration": 221467,
              "state": "failed",
              "speed": null,
              "pass": false,
              "fail": true,
              "pending": false,
              "context": null,
              "code": "/* ==== Generated with Cypress Studio ==== */\ncy.visit('http://localhost:3000/login');\ncy.get(':nth-child(1) > input').clear('t');\ncy.get(':nth-child(1) > input').type('test1@gmail.com');\ncy.get(':nth-child(2) > input').clear('T');\ncy.get(':nth-child(2) > input').type('Test#1111');\ncy.get('button').click();\ncy.get(':nth-child(1) > .offer-details > .offer-subtitle').click();\ncy.get(':nth-child(3) > svg').click();\ncy.get(':nth-child(3) > svg > path').click();\ncy.get('.swiper-button-next').click();\ncy.get('.swiper-button-prev').click();\ncy.get(':nth-child(4) > .thumb-wrapper > .thumb-image').click();\ncy.get('.swiper-pagination > :nth-child(2)').click();\ncy.get(':nth-child(2) > .custom-button').click();\ncy.get('.MuiDialogActions-root > .MuiButton-textPrimary').click();\n/* ==== End Cypress Studio ==== */",
              "err": {
                "message": "CypressError: Timed out retrying after 200050ms: `cy.click()` failed because the page updated while this command was executing. Cypress tried to locate elements based on this query:\n\n> cy.get(:nth-child(3) > svg > path)\n\nWe initially found matching element(s), but while waiting for them to become actionable, they disappeared from the page. Common situations why this happens:\n  - Your JS framework re-rendered asynchronously\n  - Your app code reacted to an event firing and removed the element\n\nYou can typically solve this by breaking up a chain. For example, rewrite:\n\n> `cy.get('button').click().click()`\n\nto\n\n> `cy.get('button').as('btn').click()`\n> `cy.get('@btn').click()`\n\nhttps://on.cypress.io/element-has-detached-from-dom",
                "estack": "CypressError: Timed out retrying after 200050ms: `cy.click()` failed because the page updated while this command was executing. Cypress tried to locate elements based on this query:\n\n> cy.get(:nth-child(3) > svg > path)\n\nWe initially found matching element(s), but while waiting for them to become actionable, they disappeared from the page. Common situations why this happens:\n  - Your JS framework re-rendered asynchronously\n  - Your app code reacted to an event firing and removed the element\n\nYou can typically solve this by breaking up a chain. For example, rewrite:\n\n> `cy.get('button').click().click()`\n\nto\n\n> `cy.get('button').as('btn').click()`\n> `cy.get('@btn').click()`\n\nhttps://on.cypress.io/element-has-detached-from-dom\n    at retryActionability (http://localhost:3000/__cypress/runner/cypress_runner.js:114430:74)\n    at tryCatcher (http://localhost:3000/__cypress/runner/cypress_runner.js:1777:23)\n    at Promise.attempt.Promise.try (http://localhost:3000/__cypress/runner/cypress_runner.js:4285:29)\n    at whenStable (http://localhost:3000/__cypress/runner/cypress_runner.js:146806:68)\n    at <unknown> (http://localhost:3000/__cypress/runner/cypress_runner.js:146747:14)\n    at tryCatcher (http://localhost:3000/__cypress/runner/cypress_runner.js:1777:23)\n    at Promise._settlePromiseFromHandler (http://localhost:3000/__cypress/runner/cypress_runner.js:1489:31)\n    at Promise._settlePromise (http://localhost:3000/__cypress/runner/cypress_runner.js:1546:18)\n    at Promise._settlePromise0 (http://localhost:3000/__cypress/runner/cypress_runner.js:1591:10)\n    at Promise._settlePromises (http://localhost:3000/__cypress/runner/cypress_runner.js:1671:18)\n    at Promise._fulfill (http://localhost:3000/__cypress/runner/cypress_runner.js:1615:18)\n    at <unknown> (http://localhost:3000/__cypress/runner/cypress_runner.js:5420:46)",
                "diff": null
              },
              "uuid": "11e9e2e7-2d76-4858-a961-ccc2ea6fe8a0",
              "parentUUID": "2142a06f-908b-4513-bf80-339ef76cd749",
              "isHook": false,
              "skipped": false
            },
            {
              "title": "Dashboard ",
              "fullTitle": "template spec Dashboard ",
              "timedOut": null,
              "duration": 213423,
              "state": "failed",
              "speed": null,
              "pass": false,
              "fail": true,
              "pending": false,
              "context": null,
              "code": "/* ==== Generated with Cypress Studio ==== */\ncy.visit('http://localhost:3000/login');\ncy.get(':nth-child(1) > input').clear('te');\ncy.get(':nth-child(1) > input').type('test1@gmail.com');\ncy.get(':nth-child(2) > input').clear('T');\ncy.get(':nth-child(2) > input').type('Test#1111');\ncy.get('button').click();\ncy.get('.User-Avatar-Header > h3').click();\ncy.get('.MuiList-root > :nth-child(5)').click();\ncy.get('.MuiPaper-root.Mui-expanded > .MuiAccordion-heading > .MuiButtonBase-root > .MuiAccordionSummary-expandIconWrapper > [data-testid=\"ExpandMoreIcon\"]').click();\ncy.get(':nth-child(6) > .MuiAccordion-heading > .MuiButtonBase-root > .MuiAccordionSummary-expandIconWrapper > [data-testid=\"ExpandMoreIcon\"]').click();\ncy.get('.MuiPaper-root.Mui-expanded > .MuiAccordion-heading > .MuiButtonBase-root > .MuiAccordionSummary-expandIconWrapper > [data-testid=\"ExpandMoreIcon\"]').click();\ncy.get(':nth-child(8) > .MuiAccordion-heading > .MuiButtonBase-root > .MuiAccordionSummary-expandIconWrapper > [data-testid=\"ExpandMoreIcon\"]').click();\ncy.get('.MuiPaper-root.Mui-expanded > .MuiAccordion-heading > .MuiButtonBase-root > .MuiAccordionSummary-expandIconWrapper > [data-testid=\"ExpandMoreIcon\"]').click();\ncy.get(':nth-child(10) > .MuiAccordion-heading > .MuiButtonBase-root').click();\ncy.get('.MuiPaper-root.Mui-expanded > .MuiAccordion-heading > .MuiButtonBase-root > .MuiAccordionSummary-expandIconWrapper > [data-testid=\"ExpandMoreIcon\"]').click();\n/* ==== End Cypress Studio ==== */\n/* ==== Generated with Cypress Studio ==== */\ncy.get('.User-Avatar-Header > svg').click();\ncy.get(':nth-child(7) > .MuiListItemText-root > .MuiTypography-root').click();\ncy.get('.MuiPaper-root.Mui-expanded > .MuiAccordion-heading > .MuiButtonBase-root > .MuiAccordionSummary-expandIconWrapper > [data-testid=\"ExpandMoreIcon\"] > path').click();\ncy.get(':nth-child(6) > .MuiAccordion-heading > .MuiButtonBase-root > .MuiAccordionSummary-expandIconWrapper > [data-testid=\"ExpandMoreIcon\"]').click();\ncy.get(':nth-child(8) > .MuiAccordion-heading > .MuiButtonBase-root > .MuiAccordionSummary-expandIconWrapper > [data-testid=\"ExpandMoreIcon\"]').click();\ncy.get('.stats-grid > :nth-child(2)').click();\n/* ==== End Cypress Studio ==== */",
              "err": {
                "message": "CypressError: Timed out retrying after 200050ms: `cy.click()` failed because this element:\n\n`<path d=\"M16.59 8.59 12 13.17 7.41 8.59 6 10l6 6 6-6z\"></path>`\n\nis being covered by another element:\n\n`<svg class=\"MuiSvgIcon-root MuiSvgIcon-fontSizeMedium css-1umw9bq-MuiSvgIcon-root\" focusable=\"false\" aria-hidden=\"true\" viewBox=\"0 0 24 24\" data-testid=\"ExpandMoreIcon\">...</svg>`\n\nFix this problem, or use {force: true} to disable error checking.\n\nhttps://on.cypress.io/element-cannot-be-interacted-with",
                "estack": "CypressError: Timed out retrying after 200050ms: `cy.click()` failed because this element:\n\n`<path d=\"M16.59 8.59 12 13.17 7.41 8.59 6 10l6 6 6-6z\"></path>`\n\nis being covered by another element:\n\n`<svg class=\"MuiSvgIcon-root MuiSvgIcon-fontSizeMedium css-1umw9bq-MuiSvgIcon-root\" focusable=\"false\" aria-hidden=\"true\" viewBox=\"0 0 24 24\" data-testid=\"ExpandMoreIcon\">...</svg>`\n\nFix this problem, or use {force: true} to disable error checking.\n\nhttps://on.cypress.io/element-cannot-be-interacted-with\n    at ensureIsDescendent (http://localhost:3000/__cypress/runner/cypress_runner.js:114014:68)\n    at ensureDescendents (http://localhost:3000/__cypress/runner/cypress_runner.js:114065:5)\n    at ensureDescendentsAndScroll (http://localhost:3000/__cypress/runner/cypress_runner.js:114071:14)\n    at ensureElIsNotCovered (http://localhost:3000/__cypress/runner/cypress_runner.js:114202:5)\n    at runAllChecks (http://localhost:3000/__cypress/runner/cypress_runner.js:114401:52)\n    at retryActionability (http://localhost:3000/__cypress/runner/cypress_runner.js:114438:16)\n    at tryCatcher (http://localhost:3000/__cypress/runner/cypress_runner.js:1777:23)\n    at Promise.attempt.Promise.try (http://localhost:3000/__cypress/runner/cypress_runner.js:4285:29)\n    at whenStable (http://localhost:3000/__cypress/runner/cypress_runner.js:146806:68)\n    at <unknown> (http://localhost:3000/__cypress/runner/cypress_runner.js:146747:14)\n    at tryCatcher (http://localhost:3000/__cypress/runner/cypress_runner.js:1777:23)\n    at Promise._settlePromiseFromHandler (http://localhost:3000/__cypress/runner/cypress_runner.js:1489:31)\n    at Promise._settlePromise (http://localhost:3000/__cypress/runner/cypress_runner.js:1546:18)\n    at Promise._settlePromise0 (http://localhost:3000/__cypress/runner/cypress_runner.js:1591:10)\n    at Promise._settlePromises (http://localhost:3000/__cypress/runner/cypress_runner.js:1671:18)\n    at Promise._fulfill (http://localhost:3000/__cypress/runner/cypress_runner.js:1615:18)\n    at <unknown> (http://localhost:3000/__cypress/runner/cypress_runner.js:5420:46)",
                "diff": null
              },
              "uuid": "f6af4d7b-df3a-46a8-b41b-baef3ed2a436",
              "parentUUID": "2142a06f-908b-4513-bf80-339ef76cd749",
              "isHook": false,
              "skipped": false
            },
            {
              "title": "add/ update offer",
              "fullTitle": "template spec add/ update offer",
              "timedOut": null,
              "duration": 21140,
              "state": "passed",
              "speed": "slow",
              "pass": true,
              "fail": false,
              "pending": false,
              "context": null,
              "code": "/* ==== Generated with Cypress Studio ==== */\ncy.visit('http://localhost:3000/login');\ncy.get(':nth-child(1) > input').clear('t');\ncy.get(':nth-child(1) > input').type('test1@gmail.com');\ncy.get(':nth-child(2) > input').clear('T');\ncy.get(':nth-child(2) > input').type('Test#1111');\ncy.get('button').click();\ncy.get('.User-Avatar-Header > h3').click();\ncy.get(':nth-child(5) > .MuiListItemText-root > .MuiTypography-root').click();\n/* ==== End Cypress Studio ==== */\n/* ==== Generated with Cypress Studio ==== */\ncy.get('.add-offer-button > svg > path').click();\ncy.get(':nth-child(1) > .textInput').clear('i');\ncy.get(':nth-child(1) > .textInput').type('ii');\ncy.get(':nth-child(2) > .unit-Input > .textInput').click();\ncy.get(':nth-child(2) > .unit-Input > .textInput').click();\ncy.get(':nth-child(2) > .unit-Input > .textInput').click();\ncy.get('[message=\"Years\"]').click();\ncy.get('[message=\"Years\"]').click();\ncy.get('[message=\"Months\"]').click();\ncy.get('[message=\"Months\"]').click();\ncy.get('[message=\"Years\"]').click();\ncy.get(':nth-child(4) > .unit-Input > .textInput').click();\ncy.get(':nth-child(4) > .unit-Input > .textInput').click();\ncy.get(':nth-child(4) > .unit-Input > .textInput').click();\ncy.get(':nth-child(5) > .textInput').click();\ncy.get(':nth-child(5) > .textInput').clear('o');\ncy.get(':nth-child(5) > .textInput').type('o');\ncy.get(':nth-child(6) > .textInput').click();\ncy.get('.submit').click();\ncy.get(':nth-child(1) > .textInput').clear('i');\ncy.get(':nth-child(1) > .textInput').type('land for rent');\ncy.get('.submit').click();\ncy.get(':nth-child(5) > .textInput').clear();\ncy.get(':nth-child(5) > .textInput').type('west jordan');\ncy.get('.submit').click();\ncy.get(':nth-child(6) > .textInput').click();\ncy.get('.submit').click();\n/* ==== End Cypress Studio ==== */\n/* ==== Generated with Cypress Studio ==== */\ncy.get(':nth-child(2) > .unit-Input > .textInput').click();\ncy.get(':nth-child(2) > .unit-Input > .textInput').click();\ncy.get(':nth-child(2) > .unit-Input > .textInput').click();\ncy.get('[message=\"Years\"]').click();\ncy.get('[message=\"Years\"]').click();\ncy.get('[message=\"Years\"]').click();\ncy.get('[message=\"Months\"]').click();\ncy.get('[message=\"Months\"]').click();\ncy.get('[message=\"Months\"]').click();\ncy.get(':nth-child(4) > .unit-Input > .textInput').click();\ncy.get(':nth-child(4) > .unit-Input > .textInput').click();\ncy.get(':nth-child(4) > .unit-Input > .textInput').click();\n/* ==== End Cypress Studio ==== */\n/* ==== Generated with Cypress Studio ==== */\ncy.get(':nth-child(4) > .unit-Input > .textInput').click();\ncy.get(':nth-child(4) > .unit-Input > .textInput').click();\ncy.get(':nth-child(4) > .unit-Input > .textInput').click();\ncy.get('[message=\"Months\"]').click();\ncy.get('[message=\"Months\"]').click();\ncy.get('[message=\"Years\"]').click();\ncy.get('[message=\"Years\"]').click();\ncy.get(':nth-child(2) > .unit-Input > .textInput').click();\ncy.get(':nth-child(2) > .unit-Input > .textInput').click();\ncy.get('.submit').click();\n/* ==== End Cypress Studio ==== */\n/* ==== Generated with Cypress Studio ==== */\ncy.get(':nth-child(2) > .unit-Input > .textInput').clear('8');\ncy.get(':nth-child(2) > .unit-Input > .textInput').type('8');\ncy.get('[message=\"Years\"]').clear('9');\ncy.get('[message=\"Years\"]').type('99');\ncy.get('[message=\"Months\"]').clear('7');\ncy.get('[message=\"Months\"]').type('7');\ncy.get('[message=\"Years\"]').clear('9');\ncy.get('[message=\"Years\"]').type('9');\ncy.get(':nth-child(4) > .unit-Input > .textInput').clear('6');\ncy.get(':nth-child(4) > .unit-Input > .textInput').type('6');\ncy.get('.submit').click();\n/* ==== End Cypress Studio ==== */\n/* ==== Generated with Cypress Studio ==== */\ncy.get(':nth-child(6) > .textInput').click();\ncy.get('.submit').click();\ncy.get(':nth-child(2) > .unit-Input > .textInput').click();\ncy.get('.submit').click();\n/* ==== End Cypress Studio ==== */\n/* ==== Generated with Cypress Studio ==== */\ncy.get(':nth-child(2) > .unit-Input > .textInput').clear('5');\ncy.get(':nth-child(2) > .unit-Input > .textInput').type('55');\n/* ==== End Cypress Studio ==== */\n/* ==== Generated with Cypress Studio ==== */\ncy.get('textarea.textInput').type('A very fertile and well-maintained piece of land available for rent. Ideal for farming, gardening, or other agricultural purposes. The soil is rich and the area is peaceful, with easy access to water. The price is negotiable based on your intended use and rental period.');\ncy.get('input[type=\"file\"]').attachFile(\"1.jpg\");\ncy.get('input[type=\"file\"]').attachFile(\"2.jpg\");\ncy.get('input[type=\"file\"]').attachFile(\"3.jpg\");\ncy.get('input[type=\"file\"]').attachFile(\"4.jpg\");\ncy.get('input[type=\"file\"]').attachFile(\"5.jpg\");\n/* ==== End Cypress Studio ==== */\n/* ==== Generated with Cypress Studio ==== */\ncy.get('.submit').click();\ncy.get('.notification').click();\n/* ==== End Cypress Studio ==== */",
              "err": {},
              "uuid": "a6b10335-0d16-4c9b-a609-b6103ff3722e",
              "parentUUID": "2142a06f-908b-4513-bf80-339ef76cd749",
              "isHook": false,
              "skipped": false
            }
          ],
          "suites": [],
          "passes": [
            "6a7da08a-ad4d-451f-9dd0-2675847d4b6c",
            "2727e8cb-8341-481b-9048-47cee01f2459",
            "7c1f7598-896c-4838-b11e-83c208c92cfd",
            "a6b10335-0d16-4c9b-a609-b6103ff3722e"
          ],
          "failures": [
            "ce50d816-6549-4580-8ca9-21f098c5be63",
            "9af545c4-4eae-46d5-873a-c30768d88c30",
            "11e9e2e7-2d76-4858-a961-ccc2ea6fe8a0",
            "f6af4d7b-df3a-46a8-b41b-baef3ed2a436"
          ],
          "pending": [],
          "skipped": [],
          "duration": 503807,
          "root": false,
          "rootEmpty": false,
          "_timeout": 2000
        }
      ],
      "passes": [],
      "failures": [],
      "pending": [],
      "skipped": [],
      "duration": 0,
      "root": true,
      "rootEmpty": true,
      "_timeout": 2000
    }
  ],
  "meta": {
    "mocha": {
      "version": "7.2.0"
    },
    "mochawesome": {
      "options": {
        "quiet": false,
        "reportFilename": "mochawesome",
        "saveHtml": false,
        "saveJson": true,
        "consoleReporter": "spec",
        "useInlineDiffs": false,
        "code": true
      },
      "version": "7.1.3"
    },
    "marge": {
      "options": {
        "reportDir": "cypress/reports",
        "overwrite": false,
        "html": false,
        "json": true
      },
      "version": "6.2.0"
    }
  }
}