{
  "stats": {
    "suites": 1,
    "tests": 11,
    "passes": 11,
    "pending": 0,
    "failures": 0,
    "start": "2025-06-08T20:31:54.949Z",
    "end": "2025-06-08T20:33:46.939Z",
    "duration": 111990,
    "testsRegistered": 11,
    "passPercent": 100,
    "pendingPercent": 0,
    "other": 0,
    "hasOther": false,
    "skipped": 0,
    "hasSkipped": false
  },
  "results": [
    {
      "uuid": "a765d40d-1b25-48f8-8c53-ec39f8e1a159",
      "title": "",
      "fullFile": "cypress\\e2e\\spec.cy.js",
      "file": "cypress\\e2e\\spec.cy.js",
      "beforeHooks": [],
      "afterHooks": [],
      "tests": [],
      "suites": [
        {
          "uuid": "c9b5fce5-2466-4209-8c23-c858bc6ae9a2",
          "title": "template spec",
          "fullFile": "",
          "file": "",
          "beforeHooks": [],
          "afterHooks": [],
          "tests": [
            {
              "title": "home",
              "fullTitle": "template spec home",
              "timedOut": null,
              "duration": 12493,
              "state": "passed",
              "speed": "slow",
              "pass": true,
              "fail": false,
              "pending": false,
              "context": null,
              "code": "cy.visit(\"http://localhost:3000/\");\ncy.get(\".left-arrow\").click();\ncy.get(\".right-arrow\").click();\ncy.get(\":nth-child(1) > .action-content > .action-button\").click();\ncy.get(\".search-input\").click();\ncy.get(\".search-input\").clear(\"t\");\ncy.get(\".search-input\").type(\"testz\");\ncy.get(\".search-button\").click();\ncy.get(\".search-container\").click();\ncy.get(\".search-button\").click();\ncy.get(\"#cityFilter\").select(\"Irbid\");\ncy.get(\"#periodFilter\").select(\"yearly\");\ncy.get(\"#spaceFilter\").click();\ncy.get(\".filter-button\").click();\ncy.get(\".clear-button\").click();\ncy.get(\".more-button\").click();\ncy.get(\".brand-name\").click();\ncy.get('.nav-links > [href=\"/\"]').click();\ncy.get('[href=\"/education\"]').click();\ncy.get(\":nth-child(1) > .card-image-container > .card-overlay > .overlay-button\").click();\ncy.get('.nav-links > [href=\"/about\"]').click();\ncy.get('.nav-links > [href=\"/\"]').click();\ncy.get('[href=\"/policy\"]').click();\ncy.get('[href=\"/terms\"]').click();\ncy.get('.footer-links > [href=\"/contact\"]').click();\nlogin();\ncy.get(\".notification-badge\").click();\ncy.get(\":nth-child(3) > .check-icon\").click();\ncy.get(\":nth-child(3) > .check-icon\").click();\ncy.get(\".header\").click();\ncy.get(\".User-Avatar-Header > svg\").click();\ncy.get(\".MuiBackdrop-root\").click();",
              "err": {},
              "uuid": "481bd0ed-7bf4-441c-91cb-533b6d1d93e6",
              "parentUUID": "c9b5fce5-2466-4209-8c23-c858bc6ae9a2",
              "isHook": false,
              "skipped": false
            },
            {
              "title": "offer buttons and logout",
              "fullTitle": "template spec offer buttons and logout",
              "timedOut": null,
              "duration": 8236,
              "state": "passed",
              "speed": "medium",
              "pass": true,
              "fail": false,
              "pending": false,
              "context": null,
              "code": "login();\n/* ==== Generated with Cypress Studio ==== */\ncy.get(':nth-child(2) > .action-content > .action-button').click();\ncy.get('.nav-links > [href=\"/\"]').click();\ncy.get(':nth-child(3) > .offer-details > .offer-actions > .favorite-button').first().click();\ncy.get(':nth-child(3) > .offer-details > .offer-actions > .favorite-button').first().click();\n/* ==== End Cypress Studio ==== */\n/* ==== Generated with Cypress Studio ==== */\ncy.get('.User-Avatar-Header > svg > path').click();\ncy.get('#Logout > .MuiListItemText-root > .MuiTypography-root').click();\n/* ==== End Cypress Studio ==== */",
              "err": {},
              "uuid": "811e819d-c0da-49f0-8f5d-69c68b124b7f",
              "parentUUID": "c9b5fce5-2466-4209-8c23-c858bc6ae9a2",
              "isHook": false,
              "skipped": false
            },
            {
              "title": "login",
              "fullTitle": "template spec login",
              "timedOut": null,
              "duration": 1536,
              "state": "passed",
              "speed": "fast",
              "pass": true,
              "fail": false,
              "pending": false,
              "context": null,
              "code": "cy.visit(\"http://localhost:3000/login\");\ncy.get(\":nth-child(1) > input\").clear(\"o\");\ncy.get(\":nth-child(1) > input\").type(\"ooo\");\ncy.get(\":nth-child(2) > input\").clear(\"0\");\ncy.get(\":nth-child(2) > input\").type(\"00\");\ncy.get(\"button\").click();\ncy.get(\":nth-child(1) > input\").clear(\"oo\");\ncy.get(\":nth-child(1) > input\").type(\"test1@gmail.com\");\ncy.get(\":nth-child(2) > input\").clear(\"0\");\ncy.get(\":nth-child(2) > input\").type(\"Test#1111{enter}\");\ncy.get(\"button\").click();",
              "err": {},
              "uuid": "434b0c82-c9d8-470f-8d57-b95c939b15e9",
              "parentUUID": "c9b5fce5-2466-4209-8c23-c858bc6ae9a2",
              "isHook": false,
              "skipped": false
            },
            {
              "title": "Sign up",
              "fullTitle": "template spec Sign up",
              "timedOut": null,
              "duration": 5554,
              "state": "passed",
              "speed": "medium",
              "pass": true,
              "fail": false,
              "pending": false,
              "context": null,
              "code": "const fakeEmail = _faker.faker.internet.email();\nconst phone = \"07\" + _faker.faker.string.numeric(8);\ncy.visit(\"http://localhost:3000/signup\");\ncy.get(\"#firstName\").clear(\"z\");\ncy.get(\"#firstName\").type(\"z\");\ncy.get(\".signup-btn\").click();\ncy.get(\"#lastName\").clear(\"Zaid\");\ncy.get(\"#lastName\").type(\"Zaid\");\ncy.get(\"#lastName\").click();\ncy.get(\"#address\").clear(\"irbid\");\ncy.get(\"#address\").type(\"Irbid\");\ncy.get('[name=\"day\"]').select(\"14\");\ncy.get('[name=\"day\"]').select(\"9\");\ncy.get('[name=\"month\"]').select(\"Mar\");\ncy.get('[name=\"year\"]').select(\"2013\");\ncy.get(\".gender-options > :nth-child(1)\").click();\ncy.get(\":nth-child(1) > input\").check();\ncy.get(\".gender-options > :nth-child(2)\").click();\ncy.get(\".gender-options > :nth-child(2) > input\").check();\ncy.get(\"#mobileNumber\").clear(\"09999\");\ncy.get(\"#mobileNumber\").type(\"09999\");\ncy.get(\"#email\").clear(\"Zaidrad@gmail.com\");\ncy.get(\"#email\").type(\"Zaidradgmail.com\");\ncy.get(\"#password\").clear(\"5\");\ncy.get(\"#password\").type(\"567\");\ncy.get(\"#confirmPassword\").clear(\"0\");\ncy.get(\"#confirmPassword\").type(\"000\");\ncy.get(\".signup-btn\").click();\ncy.get(\"#email\").clear();\ncy.get(\"#email\").type(fakeEmail);\ncy.get(\".signup-btn\").click();\ncy.get(\"#firstName\").clear(\"A\");\ncy.get(\"#firstName\").type(\"Ali\");\ncy.get(\"#mobileNumber\").clear(\"0999\");\ncy.get(\"#mobileNumber\").type(phone);\ncy.get(\"#password\").clear(\"56\");\ncy.get(\"#password\").type(\"Test#1234\");\ncy.get(\"#confirmPassword\").clear(\"00\");\ncy.get(\"#confirmPassword\").type(\"Test#1234\");\ncy.get(\".signup-btn\").click();\ncy.get(\"#confirmPassword\").clear();\ncy.get(\"#confirmPassword\").type(\"Test#1234\");\ncy.get(\".signup-btn\").click();\ncy.get('[name=\"year\"]').select(\"1998\");\ncy.get(\".signup-btn\").click();",
              "err": {},
              "uuid": "9fb477d6-1231-4fa5-bc36-7389679384f2",
              "parentUUID": "c9b5fce5-2466-4209-8c23-c858bc6ae9a2",
              "isHook": false,
              "skipped": false
            },
            {
              "title": "profile",
              "fullTitle": "template spec profile",
              "timedOut": null,
              "duration": 8084,
              "state": "passed",
              "speed": "medium",
              "pass": true,
              "fail": false,
              "pending": false,
              "context": null,
              "code": "login();\ncy.get(\".User-Avatar-Header > h3\").click();\ncy.get(\":nth-child(3) > .MuiListItemText-root > .MuiTypography-root\").click();\ncy.get(\".profile-tabs > :nth-child(2)\").click();\ncy.get(\".profile-tabs > :nth-child(1)\").click();\ncy.get(\".profile-offer-img\").first().click();",
              "err": {},
              "uuid": "b04d2c49-298a-4c11-a04c-13b954a619d2",
              "parentUUID": "c9b5fce5-2466-4209-8c23-c858bc6ae9a2",
              "isHook": false,
              "skipped": false
            },
            {
              "title": "offer detail",
              "fullTitle": "template spec offer detail",
              "timedOut": null,
              "duration": 20794,
              "state": "passed",
              "speed": "slow",
              "pass": true,
              "fail": false,
              "pending": false,
              "context": null,
              "code": "login();\ncy.wait(1000);\ncy.visit(\"http://localhost:3000/\");\ncy.get(\":nth-child(1) > .offer-details > .offer-header > .offer-title\").click();\ncy.get(\".swiper-button-next\").click();\ncy.get(\".swiper-button-next\").click();\ncy.get(\".swiper-button-prev\").click();\ncy.get(\".swiper-button-prev\").click();\ncy.get(\".swiper-pagination > :nth-child(2)\").click();\ncy.get(\".swiper-pagination > :nth-child(3)\").click();\ncy.get(\":nth-child(4) > .thumb-wrapper > .thumb-image\").click();",
              "err": {},
              "uuid": "a81a266b-13b0-43d7-b09b-417f16c5e205",
              "parentUUID": "c9b5fce5-2466-4209-8c23-c858bc6ae9a2",
              "isHook": false,
              "skipped": false
            },
            {
              "title": "Dashboard ",
              "fullTitle": "template spec Dashboard ",
              "timedOut": null,
              "duration": 10106,
              "state": "passed",
              "speed": "slow",
              "pass": true,
              "fail": false,
              "pending": false,
              "context": null,
              "code": "login();\ncy.get(\".User-Avatar-Header > h3\").click();\ncy.get(\"#LandownerDashboard\").click();\ncy.get('.MuiPaper-root.Mui-expanded > .MuiAccordion-heading > .MuiButtonBase-root > .MuiAccordionSummary-expandIconWrapper > [data-testid=\"ExpandMoreIcon\"]').click();\ncy.get(':nth-child(6) > .MuiAccordion-heading > .MuiButtonBase-root > .MuiAccordionSummary-expandIconWrapper > [data-testid=\"ExpandMoreIcon\"]').click();\ncy.get('.MuiPaper-root.Mui-expanded > .MuiAccordion-heading > .MuiButtonBase-root > .MuiAccordionSummary-expandIconWrapper > [data-testid=\"ExpandMoreIcon\"]').click();\ncy.get(':nth-child(8) > .MuiAccordion-heading > .MuiButtonBase-root > .MuiAccordionSummary-expandIconWrapper > [data-testid=\"ExpandMoreIcon\"]').click();\ncy.get(\":nth-child(4) > .MuiAccordion-heading > .MuiButtonBase-root > .MuiAccordionSummary-content\").click();\ncy.get(\".offer-actions > :nth-child(1)\").first().click();\ncy.get(\".User-Avatar-Header > h3\").click();\ncy.get(\"#LandownerDashboard > .MuiListItemText-root > .MuiTypography-root\").click();\ncy.get(\".User-Avatar-Header > h3\").click();\ncy.get(\"#FarmerDashboard > .MuiListItemText-root > .MuiTypography-root\").click();\ncy.get(\":nth-child(6) > .MuiAccordion-heading > .MuiButtonBase-root > .MuiAccordionSummary-content\").click();\ncy.get(\":nth-child(8) > .MuiAccordion-heading > .MuiButtonBase-root > .MuiAccordionSummary-content\").click();\ncy.get(\":nth-child(6) > .MuiAccordion-heading > .MuiButtonBase-root > .MuiAccordionSummary-content\").click();\ncy.get(\".request-actions > .MuiButtonBase-root\").click();",
              "err": {},
              "uuid": "f78cf5a4-af5b-49bf-b812-2b18f35fb6be",
              "parentUUID": "c9b5fce5-2466-4209-8c23-c858bc6ae9a2",
              "isHook": false,
              "skipped": false
            },
            {
              "title": "add/ update offer",
              "fullTitle": "template spec add/ update offer",
              "timedOut": null,
              "duration": 17598,
              "state": "passed",
              "speed": "slow",
              "pass": true,
              "fail": false,
              "pending": false,
              "context": null,
              "code": "login();\ncy.get(\".User-Avatar-Header > h3\").click();\ncy.get(\":nth-child(5) > .MuiListItemText-root > .MuiTypography-root\").click();\ncy.get(\".add-offer-button > svg > path\").click();\ncy.get(\":nth-child(1) > .textInput\").clear(\"i\");\ncy.get(\":nth-child(1) > .textInput\").type(\"ii\");\ncy.get(\":nth-child(2) > .unit-Input > .textInput\").click();\ncy.get(\":nth-child(2) > .unit-Input > .textInput\").click();\ncy.get(\":nth-child(2) > .unit-Input > .textInput\").click();\ncy.get('[message=\"Years\"]').click();\ncy.get('[message=\"Years\"]').click();\ncy.get('[message=\"Months\"]').click();\ncy.get('[message=\"Months\"]').click();\ncy.get('[message=\"Years\"]').click();\ncy.get(\":nth-child(4) > .unit-Input > .textInput\").click();\ncy.get(\":nth-child(4) > .unit-Input > .textInput\").click();\ncy.get(\":nth-child(4) > .unit-Input > .textInput\").click();\ncy.get(\":nth-child(5) > .textInput\").click();\ncy.get(\":nth-child(5) > .textInput\").clear(\"o\");\ncy.get(\":nth-child(5) > .textInput\").type(\"o\");\ncy.get(\":nth-child(6) > .textInput\").click();\ncy.get(\".submit\").click();\ncy.get(\":nth-child(1) > .textInput\").clear(\"i\");\ncy.get(\":nth-child(1) > .textInput\").type(\"land for rent\");\ncy.get(\".submit\").click();\ncy.get(\":nth-child(5) > .textInput\").clear();\ncy.get(\":nth-child(5) > .textInput\").type(\"west jordan\");\ncy.get(\".submit\").click();\ncy.get(\":nth-child(6) > .textInput\").click();\ncy.get(\".submit\").click();\ncy.get(\":nth-child(2) > .unit-Input > .textInput\").click();\ncy.get(\":nth-child(2) > .unit-Input > .textInput\").click();\ncy.get(\":nth-child(2) > .unit-Input > .textInput\").click();\ncy.get('[message=\"Years\"]').click();\ncy.get('[message=\"Years\"]').click();\ncy.get('[message=\"Years\"]').click();\ncy.get('[message=\"Months\"]').click();\ncy.get('[message=\"Months\"]').click();\ncy.get('[message=\"Months\"]').click();\ncy.get(\":nth-child(4) > .unit-Input > .textInput\").click();\ncy.get(\":nth-child(4) > .unit-Input > .textInput\").click();\ncy.get(\":nth-child(4) > .unit-Input > .textInput\").click();\ncy.get(\":nth-child(4) > .unit-Input > .textInput\").click();\ncy.get(\":nth-child(4) > .unit-Input > .textInput\").click();\ncy.get(\":nth-child(4) > .unit-Input > .textInput\").click();\ncy.get('[message=\"Months\"]').click();\ncy.get('[message=\"Months\"]').click();\ncy.get('[message=\"Years\"]').click();\ncy.get('[message=\"Years\"]').click();\ncy.get(\":nth-child(2) > .unit-Input > .textInput\").click();\ncy.get(\":nth-child(2) > .unit-Input > .textInput\").click();\ncy.get(\".submit\").click();\ncy.get(\":nth-child(2) > .unit-Input > .textInput\").clear(\"8\");\ncy.get(\":nth-child(2) > .unit-Input > .textInput\").type(\"8\");\ncy.get('[message=\"Years\"]').clear(\"9\");\ncy.get('[message=\"Years\"]').type(\"99\");\ncy.get('[message=\"Months\"]').clear(\"7\");\ncy.get('[message=\"Months\"]').type(\"7\");\ncy.get('[message=\"Years\"]').clear(\"9\");\ncy.get('[message=\"Years\"]').type(\"9\");\ncy.get(\":nth-child(4) > .unit-Input > .textInput\").clear(\"6\");\ncy.get(\":nth-child(4) > .unit-Input > .textInput\").type(\"6\");\ncy.get(\".submit\").click();\ncy.get(\":nth-child(6) > .textInput\").click();\ncy.get(\".submit\").click();\ncy.get(\":nth-child(2) > .unit-Input > .textInput\").click();\ncy.get(\".submit\").click();\ncy.get(\":nth-child(2) > .unit-Input > .textInput\").clear(\"5\");\ncy.get(\":nth-child(2) > .unit-Input > .textInput\").type(\"55\");\ncy.get(\"textarea.textInput\").type(\"A very fertile and well-maintained piece of land available for rent. Ideal for farming, gardening, or other agricultural purposes. The soil is rich and the area is peaceful, with easy access to water. The price is negotiable based on your intended use and rental period.\");\ncy.get('input[type=\"file\"]').attachFile(\"1.jpg\");\ncy.get('input[type=\"file\"]').attachFile(\"2.jpg\");\ncy.get('input[type=\"file\"]').attachFile(\"3.jpg\");\ncy.get('input[type=\"file\"]').attachFile(\"4.jpg\");\ncy.get('input[type=\"file\"]').attachFile(\"5.jpg\");\ncy.get(\".submit\").click();\ncy.get(\".notification\").click();",
              "err": {},
              "uuid": "6788c0b8-25be-494a-bedd-ccc4ac78b8f1",
              "parentUUID": "c9b5fce5-2466-4209-8c23-c858bc6ae9a2",
              "isHook": false,
              "skipped": false
            },
            {
              "title": "contact",
              "fullTitle": "template spec contact",
              "timedOut": null,
              "duration": 1443,
              "state": "passed",
              "speed": "fast",
              "pass": true,
              "fail": false,
              "pending": false,
              "context": null,
              "code": "cy.visit(\"http://localhost:3000/\");\ncy.get('.nav-links > [href=\"/contact\"]').click();\ncy.get(\"#name\").clear(\"Z\");\ncy.get(\"#name\").type(\"Zaid\");\ncy.get(\"#email\").clear(\"zaidAR@gmail.com\");\ncy.get(\"#email\").type(\"zaidAR@gmail.com\");\ncy.get(\"#subject\").clear(\"i\");\ncy.get(\"#subject\").type(\"i need help\");\ncy.get(\"#message\").click();\ncy.get(\".submit-button\").click();",
              "err": {},
              "uuid": "dfd5572d-8b3d-4784-9a6d-7254c6536614",
              "parentUUID": "c9b5fce5-2466-4209-8c23-c858bc6ae9a2",
              "isHook": false,
              "skipped": false
            },
            {
              "title": "chat",
              "fullTitle": "template spec chat",
              "timedOut": null,
              "duration": 16101,
              "state": "passed",
              "speed": "slow",
              "pass": true,
              "fail": false,
              "pending": false,
              "context": null,
              "code": "login();\ncy.get('.User-Avatar-Header > h3').click();\ncy.get('#MyChats').click();\n/* ==== Generated with Cypress Studio ==== */\ncy.get(':nth-child(1) > .css-qd139m > .MuiBox-root > .MuiTypography-body2').click();\ncy.get('[placeholder=\"Type a message...\"]').clear(' h');\ncy.get('[placeholder=\"Type a message...\"]').type(' hello');\ncy.get('button > svg').click();\ncy.get('.upload-label > svg > path').click();\ncy.get('input[type=\"file\"]').attachFile(\"1.jpg\");\ncy.get('button > svg > path').click();\n/* ==== End Cypress Studio ==== */\n/* ==== Generated with Cypress Studio ==== */\ncy.get(':nth-child(3) > .css-qd139m > .MuiBox-root > .MuiTypography-body2').click();\ncy.get('.chat-owner > h4').click();\n/* ==== End Cypress Studio ==== */",
              "err": {},
              "uuid": "7c2a5347-45ab-4a7d-96f2-4430967ea51c",
              "parentUUID": "c9b5fce5-2466-4209-8c23-c858bc6ae9a2",
              "isHook": false,
              "skipped": false
            },
            {
              "title": "account info",
              "fullTitle": "template spec account info",
              "timedOut": null,
              "duration": 9675,
              "state": "passed",
              "speed": "medium",
              "pass": true,
              "fail": false,
              "pending": false,
              "context": null,
              "code": "cy.visit(\"http://localhost:3000/login\");\ncy.get(\":nth-child(1) > input\").clear(\"test1@gmail.com\");\ncy.get(\":nth-child(1) > input\").type(\"test1@gmail.com\");\ncy.get(\":nth-child(2) > input\").clear(\"Test#1111\");\ncy.get(\":nth-child(2) > input\").type(\"Test#1111\");\ncy.get(\"button\").click();\ncy.get(\".User-Avatar-Header > h3\").click();\ncy.get(\":nth-child(1) > .MuiListItemText-root > .MuiTypography-root\").click();\ncy.get(\":nth-child(2) > .input-container > .edit-btn\").click();\ncy.get(\":nth-child(2) > .input-container > .full-width-input\").clear(\"Zaidone\");\ncy.get(\":nth-child(2) > .input-container > .full-width-input\").type(\"Za\");\ncy.get(\":nth-child(2) > .input-container > .edit-btn\").click();\ncy.get(\":nth-child(2) > .input-container > .edit-btn\").click();\ncy.get(\":nth-child(2) > .input-container > .full-width-input\").clear(\"Z\");\ncy.get(\":nth-child(2) > .input-container > .full-width-input\").type(\"Z\");\ncy.get(\":nth-child(2) > .input-container > .edit-btn\").click();\ncy.get(\":nth-child(2) > .input-container > .full-width-input\").clear(\"Za\");\ncy.get(\":nth-child(2) > .input-container > .full-width-input\").type(\"Zaidone\");\ncy.get(\":nth-child(2) > .input-container > .edit-btn\").click();\ncy.get(\":nth-child(3) > .input-container > .edit-btn\").click();\ncy.get(\":nth-child(3) > .input-container > .full-width-input\").clear();\ncy.get(\":nth-child(3) > .input-container > .full-width-input\").type(\"test1gmail.com\");\ncy.get(\":nth-child(3) > .input-container > .edit-btn\").click();\ncy.get(\":nth-child(3) > .input-container > .full-width-input\").clear();\ncy.get(\":nth-child(3) > .input-container > .full-width-input\").type(\"test1@gmail.com\");\ncy.get(\":nth-child(4) > .input-container > .edit-btn\").click();\ncy.get(\":nth-child(4) > .input-container > .full-width-input\").clear();\ncy.get(\":nth-child(4) > .input-container > .full-width-input\").type(\"078717324\");\ncy.get(\":nth-child(4) > .input-container > .edit-btn\").click();\ncy.get(\":nth-child(4) > .input-container > .full-width-input\").clear(\"0787173245\");\ncy.get(\":nth-child(4) > .input-container > .full-width-input\").type(\"0787173245\");\ncy.get(\":nth-child(6) > .input-container > .edit-btn\").click();\ncy.get(\":nth-child(6) > .input-container > .full-width-input\").clear(\"Irbi\");\ncy.get(\":nth-child(6) > .input-container > .full-width-input\").type(\"I\");\ncy.get(\":nth-child(6) > .input-container > .edit-btn\").click();\ncy.get(\":nth-child(6) > .input-container > .full-width-input\").clear(\"Ir\");\ncy.get(\":nth-child(6) > .input-container > .full-width-input\").type(\"Irbid\");\ncy.get(\":nth-child(6) > .input-container > .edit-btn\").click();\ncy.get(\":nth-child(5) > .input-container > .edit-btn\").click();\ncy.get(\":nth-child(5) > .input-container > .full-width-input\").select(\"female\");\ncy.get(\":nth-child(5) > .input-container > .edit-btn\").click();\ncy.get(\":nth-child(7) > .input-container > .edit-btn\").click();\ncy.get(\":nth-child(7) > .input-container > .full-width-input\").click();\ncy.get(\":nth-child(7) > .input-container > .full-width-input\").click();\ncy.get(\":nth-child(7) > .input-container > .full-width-input\").click();\ncy.get(\":nth-child(7) > .input-container > .full-width-input\").click();\ncy.get(\":nth-child(7) > .input-container > .full-width-input\").click();\ncy.get(\":nth-child(7) > .input-container > .edit-btn\").click();\ncy.get(\":nth-child(8) > .input-container > .edit-btn\").click();\ncy.get(\":nth-child(8) > .input-container > .full-width-input\").clear(\"4\");\ncy.get(\":nth-child(8) > .input-container > .full-width-input\").type(\"44\");\ncy.get(\":nth-child(8) > .input-container > .edit-btn\").click();\ncy.get(\":nth-child(8) > .input-container > .full-width-input\").clear(\"4\");\ncy.get(\":nth-child(8) > .input-container > .full-width-input\").type(\"Test#1111\");\ncy.get(\".account-inf-card > :nth-child(9)\").click();\ncy.get(\":nth-child(9) > .input-container > .full-width-input\").clear(\"Test#1111\");\ncy.get(\":nth-child(9) > .input-container > .full-width-input\").type(\"Test#1111\");\ncy.get(\":nth-child(8) > .input-container > .edit-btn\").click();\ncy.get(\":nth-child(3) > .input-container > .edit-btn\").click();\ncy.get(\":nth-child(4) > .input-container > .edit-btn\").click();\ncy.get('input[type=\"file\"]').attachFile(\"user.jpg\");\ncy.get(\".delete-btn\").click();",
              "err": {},
              "uuid": "04491ef7-fa21-4b55-a17a-b4a5e9d644b4",
              "parentUUID": "c9b5fce5-2466-4209-8c23-c858bc6ae9a2",
              "isHook": false,
              "skipped": false
            }
          ],
          "suites": [],
          "passes": [
            "481bd0ed-7bf4-441c-91cb-533b6d1d93e6",
            "811e819d-c0da-49f0-8f5d-69c68b124b7f",
            "434b0c82-c9d8-470f-8d57-b95c939b15e9",
            "9fb477d6-1231-4fa5-bc36-7389679384f2",
            "b04d2c49-298a-4c11-a04c-13b954a619d2",
            "a81a266b-13b0-43d7-b09b-417f16c5e205",
            "f78cf5a4-af5b-49bf-b812-2b18f35fb6be",
            "6788c0b8-25be-494a-bedd-ccc4ac78b8f1",
            "dfd5572d-8b3d-4784-9a6d-7254c6536614",
            "7c2a5347-45ab-4a7d-96f2-4430967ea51c",
            "04491ef7-fa21-4b55-a17a-b4a5e9d644b4"
          ],
          "failures": [],
          "pending": [],
          "skipped": [],
          "duration": 111620,
          "root": false,
          "rootEmpty": false,
          "_timeout": 2000
        }
      ],
      "passes": [],
      "failures": [],
      "pending": [],
      "skipped": [],
      "duration": 0,
      "root": true,
      "rootEmpty": true,
      "_timeout": 2000
    }
  ],
  "meta": {
    "mocha": {
      "version": "7.2.0"
    },
    "mochawesome": {
      "options": {
        "quiet": false,
        "reportFilename": "mochawesome",
        "saveHtml": true,
        "saveJson": true,
        "consoleReporter": "spec",
        "useInlineDiffs": false,
        "code": true
      },
      "version": "7.1.3"
    },
    "marge": {
      "options": {
        "id": "default",
        "reportDir": "cypress/reports",
        "overwrite": true,
        "html": true,
        "json": true,
        "embeddedScreenshots": true,
        "inlineAssets": true,
        "charts": true
      },
      "version": "6.2.0"
    }
  }
}